[    0.000000] Linux version 4.15.0-39-generic (buildd@lgw01-amd64-054) (gcc version 7.3.0 (Ubuntu 7.3.0-16ubuntu3)) #42-Ubuntu SMP Tue Oct 23 15:48:01 UTC 2018 (Ubuntu 4.15.0-39.42-generic 4.15.18)
[    0.000000] Command line: BOOT_IMAGE=/boot/vmlinuz-4.15.0-39-generic root=UUID=02ed4d94-89e1-4ebb-b5ad-4789b97c1162 ro console=tty1 console=ttyS0
[    0.000000] KERNEL supported cpus:
[    0.000000]   Intel GenuineIntel
[    0.000000]   AMD AuthenticAMD
[    0.000000]   Centaur CentaurHauls
[    0.000000] x86/fpu: Supporting XSAVE feature 0x001: 'x87 floating point registers'
[    0.000000] x86/fpu: Supporting XSAVE feature 0x002: 'SSE registers'
[    0.000000] x86/fpu: Supporting XSAVE feature 0x004: 'AVX registers'
[    0.000000] x86/fpu: xstate_offset[2]:  576, xstate_sizes[2]:  256
[    0.000000] x86/fpu: Enabled xstate features 0x7, context size is 832 bytes, using 'standard' format.
[    0.000000] e820: BIOS-provided physical RAM map:
[    0.000000] BIOS-e820: [mem 0x0000000000000000-0x000000000009fbff] usable
[    0.000000] BIOS-e820: [mem 0x000000000009fc00-0x000000000009ffff] reserved
[    0.000000] BIOS-e820: [mem 0x00000000000f0000-0x00000000000fffff] reserved
[    0.000000] BIOS-e820: [mem 0x0000000000100000-0x000000003ffeffff] usable
[    0.000000] BIOS-e820: [mem 0x000000003fff0000-0x000000003fffffff] ACPI data
[    0.000000] BIOS-e820: [mem 0x00000000fec00000-0x00000000fec00fff] reserved
[    0.000000] BIOS-e820: [mem 0x00000000fee00000-0x00000000fee00fff] reserved
[    0.000000] BIOS-e820: [mem 0x00000000fffc0000-0x00000000ffffffff] reserved
[    0.000000] NX (Execute Disable) protection: active
[    0.000000] SMBIOS 2.5 present.
[    0.000000] DMI: innotek GmbH VirtualBox/VirtualBox, BIOS VirtualBox 12/01/2006
[    0.000000] Hypervisor detected: KVM
[    0.000000] e820: last_pfn = 0x3fff0 max_arch_pfn = 0x400000000
[    0.000000] MTRR: Disabled
[    0.000000] x86/PAT: MTRRs disabled, skipping PAT initialization too.
[    0.000000] CPU MTRRs all blank - virtualized system.
[    0.000000] x86/PAT: Configuration [0-7]: WB  WT  UC- UC  WB  WT  UC- UC  
[    0.000000] found SMP MP-table at [mem 0x0009fff0-0x0009ffff] mapped at [        (ptrval)]
[    0.000000] Scanning 1 areas for low memory corruption
[    0.000000] RAMDISK: [mem 0x359d5000-0x36ce1fff]
[    0.000000] ACPI: Early table checksum verification disabled
[    0.000000] ACPI: RSDP 0x00000000000E0000 000024 (v02 VBOX  )
[    0.000000] ACPI: XSDT 0x000000003FFF0030 00003C (v01 VBOX   VBOXXSDT 00000001 ASL  00000061)
[    0.000000] ACPI: FACP 0x000000003FFF00F0 0000F4 (v04 VBOX   VBOXFACP 00000001 ASL  00000061)
[    0.000000] ACPI: DSDT 0x000000003FFF0470 0021FF (v02 VBOX   VBOXBIOS 00000002 INTL 20100528)
[    0.000000] ACPI: FACS 0x000000003FFF0200 000040
[    0.000000] ACPI: FACS 0x000000003FFF0200 000040
[    0.000000] ACPI: APIC 0x000000003FFF0240 00005C (v02 VBOX   VBOXAPIC 00000001 ASL  00000061)
[    0.000000] ACPI: SSDT 0x000000003FFF02A0 0001CC (v01 VBOX   VBOXCPUT 00000002 INTL 20100528)
[    0.000000] No NUMA configuration found
[    0.000000] Faking a node at [mem 0x0000000000000000-0x000000003ffeffff]
[    0.000000] NODE_DATA(0) allocated [mem 0x3ffc5000-0x3ffeffff]
[    0.000000] kvm-clock: cpu 0, msr 0:3ff44001, primary cpu clock
[    0.000000] kvm-clock: Using msrs 4b564d01 and 4b564d00
[    0.000000] kvm-clock: using sched offset of 5642423173 cycles
[    0.000000] clocksource: kvm-clock: mask: 0xffffffffffffffff max_cycles: 0x1cd42e4dffb, max_idle_ns: 881590591483 ns
[    0.000000] Zone ranges:
[    0.000000]   DMA      [mem 0x0000000000001000-0x0000000000ffffff]
[    0.000000]   DMA32    [mem 0x0000000001000000-0x000000003ffeffff]
[    0.000000]   Normal   empty
[    0.000000]   Device   empty
[    0.000000] Movable zone start for each node
[    0.000000] Early memory node ranges
[    0.000000]   node   0: [mem 0x0000000000001000-0x000000000009efff]
[    0.000000]   node   0: [mem 0x0000000000100000-0x000000003ffeffff]
[    0.000000] Initmem setup node 0 [mem 0x0000000000001000-0x000000003ffeffff]
[    0.000000] Reserved but unavailable: 98 pages
[    0.000000] ACPI: PM-Timer IO Port: 0x4008
[    0.000000] IOAPIC[0]: apic_id 2, version 32, address 0xfec00000, GSI 0-23
[    0.000000] ACPI: INT_SRC_OVR (bus 0 bus_irq 0 global_irq 2 dfl dfl)
[    0.000000] ACPI: INT_SRC_OVR (bus 0 bus_irq 9 global_irq 9 low level)
[    0.000000] Using ACPI (MADT) for SMP configuration information
[    0.000000] smpboot: Allowing 2 CPUs, 0 hotplug CPUs
[    0.000000] PM: Registered nosave memory: [mem 0x00000000-0x00000fff]
[    0.000000] PM: Registered nosave memory: [mem 0x0009f000-0x0009ffff]
[    0.000000] PM: Registered nosave memory: [mem 0x000a0000-0x000effff]
[    0.000000] PM: Registered nosave memory: [mem 0x000f0000-0x000fffff]
[    0.000000] e820: [mem 0x40000000-0xfebfffff] available for PCI devices
[    0.000000] Booting paravirtualized kernel on KVM
[    0.000000] clocksource: refined-jiffies: mask: 0xffffffff max_cycles: 0xffffffff, max_idle_ns: 7645519600211568 ns
[    0.000000] random: get_random_bytes called from start_kernel+0x99/0x4fd with crng_init=0
[    0.000000] setup_percpu: NR_CPUS:8192 nr_cpumask_bits:2 nr_cpu_ids:2 nr_node_ids:1
[    0.000000] percpu: Embedded 46 pages/cpu @        (ptrval) s151552 r8192 d28672 u1048576
[    0.000000] PV qspinlock hash table entries: 256 (order: 0, 4096 bytes)
[    0.000000] Built 1 zonelists, mobility grouping on.  Total pages: 257913
[    0.000000] Policy zone: DMA32
[    0.000000] Kernel command line: BOOT_IMAGE=/boot/vmlinuz-4.15.0-39-generic root=UUID=02ed4d94-89e1-4ebb-b5ad-4789b97c1162 ro console=tty1 console=ttyS0
[    0.000000] Memory: 983076K/1048120K available (12300K kernel code, 2472K rwdata, 4248K rodata, 2408K init, 2416K bss, 65044K reserved, 0K cma-reserved)
[    0.000000] SLUB: HWalign=64, Order=0-3, MinObjects=0, CPUs=2, Nodes=1
[    0.000000] Kernel/User page tables isolation: enabled
[    0.000000] ftrace: allocating 39178 entries in 154 pages
[    0.004000] Hierarchical RCU implementation.
[    0.004000] 	RCU restricting CPUs from NR_CPUS=8192 to nr_cpu_ids=2.
[    0.004000] 	Tasks RCU enabled.
[    0.004000] RCU: Adjusting geometry for rcu_fanout_leaf=16, nr_cpu_ids=2
[    0.004000] NR_IRQS: 524544, nr_irqs: 440, preallocated irqs: 16
[    0.004000] Console: colour VGA+ 80x25
[    0.004000] console [tty1] enabled
[    0.004000] console [ttyS0] enabled
[    0.004000] ACPI: Core revision 20170831
[    0.004000] ACPI: 2 ACPI AML tables successfully acquired and loaded
[    0.004000] APIC: Switch to symmetric I/O mode setup
[    0.004000] x2apic enabled
[    0.004012] Switched APIC routing to physical x2apic.
[    0.011128] ..TIMER: vector=0x30 apic1=0 pin1=2 apic2=-1 pin2=-1
[    0.012008] tsc: Detected 2294.694 MHz processor
[    0.016018] Calibrating delay loop (skipped) preset value.. 4589.38 BogoMIPS (lpj=9178776)
[    0.020011] pid_max: default: 32768 minimum: 301
[    0.024095] Security Framework initialized
[    0.028007] Yama: becoming mindful.
[    0.030012] AppArmor: AppArmor initialized
[    0.036130] Dentry cache hash table entries: 131072 (order: 8, 1048576 bytes)
[    0.040184] Inode-cache hash table entries: 65536 (order: 7, 524288 bytes)
[    0.044041] Mount-cache hash table entries: 2048 (order: 2, 16384 bytes)
[    0.048051] Mountpoint-cache hash table entries: 2048 (order: 2, 16384 bytes)
[    0.052648] mce: CPU supports 0 MCE banks
[    0.056036] Last level iTLB entries: 4KB 1024, 2MB 1024, 4MB 1024
[    0.060009] Last level dTLB entries: 4KB 1024, 2MB 1024, 4MB 1024, 1GB 4
[    0.064010] Spectre V2 : Mitigation: Full generic retpoline
[    0.068007] Spectre V2 : Spectre v2 / SpectreRSB mitigation: Filling RSB on context switch
[    0.072010] Speculative Store Bypass: Vulnerable
[    0.076486] Freeing SMP alternatives memory: 36K
[    0.084000] smpboot: CPU0: Intel(R) Core(TM) i5-4200U CPU @ 1.60GHz (family: 0x6, model: 0x45, stepping: 0x1)
[    0.088093] Performance Events: unsupported p6 CPU model 69 no PMU driver, software events only.
[    0.091768] Hierarchical SRCU implementation.
[    0.093052] NMI watchdog: Perf event create on CPU 0 failed with -2
[    0.096009] NMI watchdog: Perf NMI watchdog permanently disabled
[    0.100126] smp: Bringing up secondary CPUs ...
[    0.104212] x86: Booting SMP configuration:
[    0.106429] .... node  #0, CPUs:      #1
[    0.004000] kvm-clock: cpu 1, msr 0:3ff44041, secondary cpu clock
[    0.004000] mce: CPU supports 0 MCE banks
[    0.140079] smp: Brought up 1 node, 2 CPUs
[    0.144014] smpboot: Max logical packages: 1
[    0.148013] smpboot: Total of 2 processors activated (9178.77 BogoMIPS)
[    0.152416] devtmpfs: initialized
[    0.160107] x86/mm: Memory block size: 128MB
[    0.163914] evm: security.selinux
[    0.164010] evm: security.SMACK64
[    0.168009] evm: security.SMACK64EXEC
[    0.170851] evm: security.SMACK64TRANSMUTE
[    0.172009] evm: security.SMACK64MMAP
[    0.176008] evm: security.apparmor
[    0.178476] evm: security.ima
[    0.180006] evm: security.capability
[    0.184417] clocksource: jiffies: mask: 0xffffffff max_cycles: 0xffffffff, max_idle_ns: 7645041785100000 ns
[    0.188025] futex hash table entries: 512 (order: 3, 32768 bytes)
[    0.196110] pinctrl core: initialized pinctrl subsystem
[    0.204363] RTC time: 10:48:19, date: 11/26/18
[    0.212241] NET: Registered protocol family 16
[    0.216507] audit: initializing netlink subsys (disabled)
[    0.220084] audit: type=2000 audit(1543229296.949:1): state=initialized audit_enabled=0 res=1
[    0.232021] cpuidle: using governor ladder
[    0.236034] cpuidle: using governor menu
[    0.240203] ACPI: bus type PCI registered
[    0.244008] acpiphp: ACPI Hot Plug PCI Controller Driver version: 0.5
[    0.248339] PCI: Using configuration type 1 for base access
[    0.258369] HugeTLB registered 2.00 MiB page size, pre-allocated 0 pages
[    0.260324] ACPI: Added _OSI(Module Device)
[    0.264025] ACPI: Added _OSI(Processor Device)
[    0.268025] ACPI: Added _OSI(3.0 _SCP Extensions)
[    0.272013] ACPI: Added _OSI(Processor Aggregator Device)
[    0.276015] ACPI: Added _OSI(Linux-Dell-Video)
[    0.280016] ACPI: Added _OSI(Linux-Lenovo-NV-HDMI-Audio)
[    0.285068] ACPI: Executed 1 blocks of module-level executable AML code
[    0.311268] ACPI: Interpreter enabled
[    0.312064] ACPI: (supports S0 S5)
[    0.316010] ACPI: Using IOAPIC for interrupt routing
[    0.321680] PCI: Using host bridge windows from ACPI; if necessary, use "pci=nocrs" and report a bug
[    0.324616] ACPI: Enabled 2 GPEs in block 00 to 07
[    0.356409] ACPI: PCI Root Bridge [PCI0] (domain 0000 [bus 00-ff])
[    0.360027] acpi PNP0A03:00: _OSC: OS supports [ASPM ClockPM Segments MSI]
[    0.364101] acpi PNP0A03:00: _OSC: not requesting OS control; OS requires [ExtendedConfig ASPM ClockPM MSI]
[    0.368046] acpi PNP0A03:00: fail to add MMCONFIG information, can't access extended PCI configuration space under this bridge.
[    0.373000] PCI host bridge to bus 0000:00
[    0.376012] pci_bus 0000:00: root bus resource [io  0x0000-0x0cf7 window]
[    0.380021] pci_bus 0000:00: root bus resource [io  0x0d00-0xffff window]
[    0.384012] pci_bus 0000:00: root bus resource [mem 0x000a0000-0x000bffff window]
[    0.388014] pci_bus 0000:00: root bus resource [mem 0x40000000-0xfdffffff window]
[    0.392013] pci_bus 0000:00: root bus resource [bus 00-ff]
[    0.404402] pci 0000:00:01.1: legacy IDE quirk: reg 0x10: [io  0x01f0-0x01f7]
[    0.408013] pci 0000:00:01.1: legacy IDE quirk: reg 0x14: [io  0x03f6]
[    0.412008] pci 0000:00:01.1: legacy IDE quirk: reg 0x18: [io  0x0170-0x0177]
[    0.416009] pci 0000:00:01.1: legacy IDE quirk: reg 0x1c: [io  0x0376]
[    0.455224] pci 0000:00:07.0: quirk: [io  0x4000-0x403f] claimed by PIIX4 ACPI
[    0.456052] pci 0000:00:07.0: quirk: [io  0x4100-0x410f] claimed by PIIX4 SMB
[    0.485156] ACPI: PCI Interrupt Link [LNKA] (IRQs 5 9 10 *11)
[    0.489462] ACPI: PCI Interrupt Link [LNKB] (IRQs 5 9 *10 11)
[    0.492566] ACPI: PCI Interrupt Link [LNKC] (IRQs 5 *9 10 11)
[    0.496427] ACPI: PCI Interrupt Link [LNKD] (IRQs 5 9 10 *11)
[    0.501236] SCSI subsystem initialized
[    0.504143] pci 0000:00:02.0: vgaarb: setting as boot VGA device
[    0.508000] pci 0000:00:02.0: vgaarb: VGA device added: decodes=io+mem,owns=io+mem,locks=none
[    0.508020] pci 0000:00:02.0: vgaarb: bridge control possible
[    0.512009] vgaarb: loaded
[    0.513861] ACPI: bus type USB registered
[    0.516077] usbcore: registered new interface driver usbfs
[    0.520042] usbcore: registered new interface driver hub
[    0.524083] usbcore: registered new device driver usb
[    0.528172] EDAC MC: Ver: 3.0.0
[    0.536143] PCI: Using ACPI for IRQ routing
[    0.540813] NetLabel: Initializing
[    0.544006] NetLabel:  domain hash size = 128
[    0.548024] NetLabel:  protocols = UNLABELED CIPSOv4 CALIPSO
[    0.552054] NetLabel:  unlabeled traffic allowed by default
[    0.556290] clocksource: Switched to clocksource kvm-clock
[    0.56761]VF: is qots qut_6.6.
   114900]VF: quot-cache hash table entries: 512 (order 0, 4096 bytes)
[   .45763 ApAmor: ApAmo Flesystem Enabled

[    1.90053] pnp: PnP ACPI init
[    1.958593] pnp: PnP ACPI: found 3 device

[   .0959]clckouce apipm msk 0ffffffma_ccls:0xffff, ma_idle_ns: 2085701024 ns
[   .1002]NE: egstred protocol family 2

[    3.645702] TCP established hash table entries: 8192 (order: 4, 65536 bytes)
[   3.651358] TCP bind hash table entries: 8192 (order: 5, 131072 bytes)
[    3.706829] TCP: Hash tables configured (established 8192 bind 8192)
[    3.725093] UDP hash table entries: 512 (order: 2, 16384 bytes)
[    3.728162] UDP-Lite hash table entries: 512 (order: 2, 16384 bytes)
[    3.731608] NET: Registered protocol family 1
[    3.734044] pci 0000:00:00.0: Limiting direct PCI/PCI transfers
[    3.737666] pci 0000:00:01.0: Activating ISA DMA hang workarounds
[    3.741003] pci 0000:00:02.0: Video device with shadowed ROM at [mem 0x000c0000-0x000dffff]
[    3.745935] Unpacking initramfs...
[    4.766512] Freeing initrd memory: 19508K
[    4.806352] platform rtc_cmos: registered platform RTC device (no PNP device found)
[    4.829857] Scanning for low memory corruption every 60 seconds
[    4.851534] Initialise system trusted keyrings
[    4.864973] Key type blacklist registered
[    4.890254] workingset: timestamp_bits=36 max_order=18 bucket_order=0
[    4.907506] zbud: loaded
[    4.914983] squashfs: version 4.0 (2009/01/31) Phillip Lougher
[    4.918667] fuse init (API version 7.26)
[    4.930583] Key type asymmetric registered
[    4.933962] Asymmetric key parser 'x509' registered
[    4.937876] Block layer SCSI generic (bsg) driver version 0.4 loaded (major 246)
[    4.947297] io scheduler noop registered
[    4.952259] io scheduler deadline registered
[    4.962537] io scheduler cfq registered (default)
[    4.965925] ACPI: AC Adapter [AC] (on-line)
[    4.969532] input: Power Button as /devices/LNXSYSTM:00/LNXPWRBN:00/input/input0
[    4.973652] ACPI: Power Button [PWRF]
[    4.981106] input: Sleep Button as /devices/LNXSYSTM:00/LNXSLPBN:00/input/input1
[    4.985131] ACPI: Sleep Button [SLPF]
[    4.994807] Serial: 8250/16550 driver, 32 ports, IRQ sharing enabled
[    4.997617] ACPI: Battery Slot [BAT0] (battery present)
[    5.040881] 00:02: ttyS0 at I/O 0x3f8 (irq = 4, base_baud = 115200) is a 16550A
[    5.094597] Linux agpgart interface v0.103
[    5.125141] loop: module loaded
[    5.142861] scsi host0: ata_piix
[    5.154398] scsi host1: ata_piix
[    5.173764] ata1: PATA max UDMA/33 cmd 0x1f0 ctl 0x3f6 bmdma 0xd000 irq 14
[    5.189257] ata2: PATA max UDMA/33 cmd 0x170 ctl 0x376 bmdma 0xd008 irq 15
[    5.202666] libphy: Fixed MDIO Bus: probed
[    5.209662] tun: Universal TUN/TAP device driver, 1.6
[    5.240350] PPP generic driver version 2.4.2
[    5.246804] ehci_hcd: USB 2.0 'Enhanced' Host Controller (EHCI) Driver
[    5.255409] ehci-pci: EHCI PCI platform driver
[    5.257813] ehci-platform: EHCI generic platform driver
[    5.260526] ohci_hcd: USB 1.1 'Open' Host Controller (OHCI) Driver
[    5.264280] ohci-pci: OHCI PCI platform driver
[    5.269317] ohci-platform: OHCI generic platform driver
[    5.272026] uhci_hcd: USB Universal Host Controller Interface driver
[    5.275447] i8042: PNP: PS/2 Controller [PNP0303:PS2K,PNP0f03:PS2M] at 0x60,0x64 irq 1,12
[    5.281731] serio: i8042 KBD port at 0x60,0x64 irq 1
[    5.289896] serio: i8042 AUX port at 0x60,0x64 irq 12
[    5.297391] mousedev: PS/2 mouse device common for all mice
[    5.304564] input: AT Translated Set 2 keyboard as /devices/platform/i8042/serio0/input/input2
[    5.309869] rtc_cmos rtc_cmos: rtc core: registered rtc_cmos as rtc0
[    5.331994] rtc_cmos rtc_cmos: alarms up to one day, 114 bytes nvram
[    5.355130] i2c /dev entries driver
[    5.357102] pcie_mp2_amd: AMD(R) PCI-E MP2 Communication Driver Version: 1.0
[    5.370627] device-mapper: uevent: version 1.0.3
[    5.374082] device-mapper: ioctl: 4.37.0-ioctl (2017-09-20) initialised: dm-devel@redhat.com
[    5.378759] ledtrig-cpu: registered to indicate activity on CPUs
[    5.392524] NET: Registered protocol family 10
[    5.415996] Segment Routing with IPv6
[    5.426332] NET: Registered protocol family 17
[    5.437053] Key type dns_resolver registered
[    5.439885] RAS: Correctable Errors collector initialized.
[    5.442741] sched_clock: Marking stable (5442698078, 0)->(16066978846, -10624280768)
[    5.448270] registered taskstats version 1
[    5.450468] Loading compiled-in X.509 certificates
[    5.461575] Loaded X.509 cert 'Build time autogenerated kernel key: 28c680bedc8638650c29d29ff1fd33ae66a2014d'
[    5.534620] zswap: loaded using pool lzo/zbud
[    5.567173] Key type big_key registered
[    5.574098] Key type trusted registered
[    5.580587] Key type encrypted registered
[    5.593060] AppArmor: AppArmor sha1 policy hashing enabled
[    5.595897] ima: No TPM chip found, activating TPM-bypass! (rc=-19)
[    5.599097] ima: Allocated hash algorithm: sha1
[    5.609284] evm: HMAC attrs: 0x1
[    5.616850]   Magic number: 10:831:831
[    5.619193] rtc_cmos rtc_cmos: setting system clock to 2018-11-26 10:48:25 UTC (1543229305)
[    5.628800] BIOS EDD facility v0.16 2004-Jun-25, 0 devices found
[    5.631554] EDD information not available.
[    5.649528] Freeing unused kernel memory: 2408K
[    5.672507] Write protecting the kernel read-only data: 20480k
[    5.705239] Freeing unused kernel memory: 2008K
[    5.778168] Freeing unused kernel memory: 1896K
[    5.820560] tsc: Refined TSC clocksource calibration: 2295.182 MHz
[    5.834171] clocksource: tsc: mask: 0xffffffffffffffff max_cycles: 0x21156def4cb, max_idle_ns: 440795316883 ns
[    5.856018] x86/mm: Checked W+X mappings: passed, no W+X pages found.
[    5.885348] x86/mm: Checking user space page tables
[    5.947508] x86/mm: Checked W+X mappings: passed, no W+X pages found.
Loading, please wait...
starting version 237
[    6.204040] Fusion MPT base driver 3.04.20
[    6.208655] Copyright (c) 1999-2008 LSI Corporation
[    6.212167] e1000: Intel(R) PRO/1000 Network Driver - version 7.3.21-k8-NAPI
[    6.252114] e1000: Copyright (c) 1999-2006 Intel Corporation.
[    6.304238] AVX2 version of gcm_enc/dec engaged.
[    6.310956] AES CTR mode by8 optimization enabled
[    6.346532] Fusion MPT SPI Host driver 3.04.20
[    6.486234] input: ImExPS/2 Generic Explorer Mouse as /devices/platform/i8042/serio1/input/input4
[    6.904323] e1000 0000:00:03.0 eth0: (PCI:33MHz:32-bit) 02:37:44:80:7e:2c
[    6.914771] e1000 0000:00:03.0 eth0: Intel(R) PRO/1000 Network Connection
[    6.924005] mptbase: ioc0: Initiating bringup
[    7.025022] ioc0: LSI53C1030 A0: Capabilities={Initiator}
[    7.294204] scsi host2: ioc0: LSI53C1030 A0, FwRev=00000000h, Ports=1, MaxQ=256, IRQ=20
[    7.480279] scsi 2:0:0:0: Direct-Access     VBOX     HARDDISK         1.0  PQ: 0 ANSI: 5
[    7.812157] scsi target2:0:0: Beginning Domain Validation
[    7.832424] scsi target2:0:0: Domain Validation skipping write tests
[    7.853148] scsi target2:0:0: Ending Domain Validation
[    7.867780] scsi target2:0:0: asynchronous
[    7.871378] scsi 2:0:1:0: Direct-Access     VBOX     HARDDISK         1.0  PQ: 0 ANSI: 5
[    8.000023] scsi target2:0:1: Beginning Domain Validation
[    8.006719] random: fast init done
[    8.010650] scsi target2:0:1: Domain Validation skipping write tests
[    8.015709] scsi target2:0:1: Ending Domain Validation
[    8.018555] scsi target2:0:1: asynchronous
[    8.023559] random: systemd-udevd: uninitialized urandom read (16 bytes read)
[    8.023732] e1000 0000:00:08.0 eth1: (PCI:33MHz:32-bit) 08:00:27:6a:ed:f6
[    8.023740] e1000 0000:00:08.0 eth1: Intel(R) PRO/1000 Network Connection
[    8.075787] random: systemd-udevd: uninitialized urandom read (16 bytes read)
[    8.126190] random: systemd-udevd: uninitialized urandom read (16 bytes read)
[    8.143779] e1000 0000:00:03.0 enp0s3: renamed from eth0
[    8.149075] sd 2:0:0:0: [sda] 20971520 512-byte logical blocks: (10.7 GB/10.0 GiB)
[    8.164702] sd 2:0:0:0: Attached scsi generic sg0 type 0
[    8.169560] sd 2:0:1:0: [sdb] 20480 512-byte logical blocks: (10.5 MB/10.0 MiB)
[    8.175253] sd 2:0:1:0: [sdb] Write Protect is off
[    8.177446] e1000 0000:00:08.0 enp0s8: renamed from eth1
[    8.202524] sd 2:0:1:0: [sdb] Incomplete mode parameter data
[    8.204148] sd 2:0:0:0: [sda] Write Protect is off
[    8.204224] sd 2:0:1:0: Attached scsi generic sg1 type 0
[    8.219144] sd 2:0:1:0: [sdb] Assuming drive cache: write through
[    8.225473] sd 2:0:0:0: [sda] Incomplete mode parameter data
[    8.237572] sd 2:0:0:0: [sda] Assuming drive cache: write through
[    8.246899]  sda: sda1
[    8.247188] sd 2:0:1:0: [sdb] Attached SCSI disk
[    8.261533] sd 2:0:0:0: [sda] Attached SCSI disk
Begin: Loading essential drivers ... [   10.768440] raid6: sse2x1   gen()  1948 MB/s
[   10.824357] raid6: sse2x1   xor()  1336 MB/s
[   10.892222] raid6: sse2x2   gen()  4335 MB/s
[   10.952110] raid6: sse2x2   xor()  2098 MB/s
[   11.020040] raid6: sse2x4   gen()  4064 MB/s
[   11.072360] raid6: sse2x4   xor()  2375 MB/s
[   11.120288] raid6: avx2x1   gen()  3573 MB/s
[   11.176187] raid6: avx2x1   xor()  2191 MB/s
[   11.248591] raid6: avx2x2   gen()  7364 MB/s
[   11.308441] raid6: avx2x2   xor()  3963 MB/s
[   11.356344] raid6: avx2x4   gen()  9141 MB/s
[   11.404255] raid6: avx2x4   xor()  5954 MB/s
[   11.422288] raid6: using algorithm avx2x4 gen() 9141 MB/s
[   11.426291] raid6: .... xor() 5954 MB/s, rmw enabled
[   11.455540] raid6: using avx2x2 recovery algorithm
[   11.467309] xor: automatically using best checksumming function   avx       
[   11.513940] async_tx: api initialized (async)
done.
Begin: Running /scripts/init-premount ... done.
Begin: Mounting root file system ... Begin: Running /scripts/local-top ... done.
Begin: Running /scripts/local-premount ... [   11.664972] Btrfs loaded, crc32c=crc32c-intel
Scanning for Btrfs filesystems
done.
Warning: fsck not present, so sk[   11.745701] EXT4-fs (sda1): mounted filesystem with ordered data mode. Opts: (null)
ipping root file system
done.
Begin: Running /scripts/local-bottom ... done.
Begin: Running /scripts/init-bottom ... done.
[   12.114358] ip_tables: (C) 2000-2006 Netfilter Core Team
[   13.518168] systemd[1]: systemd 237 running in system mode. (+PAM +AUDIT +SELINUX +IMA +APPARMOR +SMACK +SYSVINIT +UTMP +LIBCRYPTSETUP +GCRYPT +GNUTLS +ACL +XZ +LZ4 +SECCOMP +BLKID +ELFUTILS +KMOD -IDN2 +IDN -PCRE2 default-hierarchy=hybrid)
[   13.607227] systemd[1]: Detected virtualization oracle.
[   13.611834] systemd[1]: Detected architecture x86-64.

Welcome to [1mUbuntu 18.04.1 LTS[0m!

[   13.645048] systemd[1]: Set hostname to <ubuntu-bionic>.
[   14.198626] systemd[1]: Set up automount Arbitrary Executable File Formats File System Automount Point.
[[0;32m  OK  [0m] Set up automount Arbitrary Executab…rmats File System Automount Point.
[   14.260929] systemd[1]: Started Forward Password Requests to Wall Directory Watch.
[[0;32m  OK  [0m] Started Forward Password Requests to Wall Directory Watch.
[   14.273764] systemd[1]: Created slice System Slice.
[[0;32m  OK  [0m] Created slice System Slice.
[   14.288660] systemd[1]: Listening on /dev/initctl Compatibility Named Pipe.
[[0;32m  OK  [0m] Listening on /dev/initctl Compatibility Named Pipe.
[   14.307996] systemd[1]: Listening on LVM2 metadata daemon socket.
[[0;32m  OK  [0m] Listening on LVM2 metadata daemon socket.
[   14.338321] systemd[1]: Listening on udev Kernel Socket.
[[0;32m  OK  [0m] Listening on udev Kernel Socket.
[[0;32m  OK  [0m] Listening on Journal Socket (/dev/log).
[[0;32m  OK  [0m] Listening on Syslog Socket.
[[0;32m  OK  [0m] Listening on Journal Audit Socket.
[[0;32m  OK  [0m] Listening on udev Control Socket.
[[0;32m  OK  [0m] Reached target User and Group Name Lookups.
[[0;32m  OK  [0m] Listening on Journal Socket.
         Starting Remount Root and Kernel File Systems...
         Starting udev Coldplug all Devices...
         Startin[   15.559486] EXT4-fs (sda1): re-mounted. Opts: (null)
g Uncomplicated firewall...
         Mounting Huge Pages File System...
         Mounting Kernel Debug File System...
         Starting Journal Service...
         Starting Set the console keyboard layout...
         Starting Load Kernel Modules...
[[0;32m  OK  [0m] Listening on Device-mapper event daemon FIFOs.
         Starting Monitoring of LVM2 mirrors…ng dmeventd or progress polling...
[[0;32m  OK  [0m] Created slice system-serial\x2dgetty.slice.
[[0;32m  OK  [0m] Created slice User and Session Slice.
[[0;32m  OK  [0m] Reached target Slices.
         Mounting POSIX Message Queue File System...
         Starting Create list of required st…ce nodes for the current kernel...
[   15.766412] Loading iSCSI transport class v2.0-870.
[[0;32m  OK  [0m] Reached target Swap.
[[0;32m  OK  [0m] Listening on Network Service Netlink Socket.
[[0;32m  OK  [0m] Reached target System Time Synchronized.
[[0;32m  OK  [0[   15.835297] iscsi: registered transport (tcp)
m] Listening on LVM2 poll daemon socket.
[[0;32m  OK  [0m] Started Journal Service.
[[0;32m  OK  [0m] Started Remount Root and Kernel File Systems.
[[0;32m  OK  [0m] Started Uncomplicated firewall.
[[0;32m  OK  [0m] Mounted Huge Pages File System.
[[0;32m  OK  [0m] Mounted Kernel Debug File System.
[[0;32m  OK  [0m] Mounted POSIX Message Queue File System.
[[0;32m  OK  [0[   15.961696] iscsi: registered transport (iser)
m] Started Create list of required sta…vice nodes for the current kernel.
[[0;32m  OK  [0m] Started LVM2 metadata daemon.
         Starting Create Static Device Nodes in /dev...
         Starting Load/Save Random Seed...
         Starting Initial cloud-init job (pre-networking)...
         Starting Flush Journal to Persistent Storage...[   16.093235] random: crng init done

[   16.102184] random: 7 urandom warning(s) missed due to ratelimiting
[[0;32m  OK  [0m] Started Load Kernel Modules.
[[0;32m  OK  [0m] Started Monitoring of LVM2 mirrors,…sing dmeventd or progress polling.
[[0;32m  OK  [0m] Started udev Coldplug all Devices.
[[0;32m  OK  [0m] Started Create Static Device Nodes in /dev.
[[0;32m  OK  [0m] Started Load/Save Random Seed.
         Starting udev Kernel Device Manager...
         Starting Apply Kernel Variables...
         Mounting FUSE Control File System...
         Mounting Kernel Configuration File System...
[[0;32m  OK  [0m] Mounted FUSE Control File System.
[[0;32m  OK  [0m] Mounted Kernel Configuration File System.
[   16.399038] systemd-journald[397]: Received request to flush runtime journal from PID 1
[[0;32m  OK  [0m] Started udev Kernel Device Manager.
[[0;32m  OK  [0m] Started Set the console keyboard layout.
[[0;32m  OK  [0m] Reached target Local File Systems (Pre).
[[0;32m  OK  [0m] Reached target Local File Systems.
         Starting Set console font and keymap...
         Starting ebtables ruleset management...
         Starting AppArmor initialization...
         Starting Tell Plymouth To Write Out Runtime Data...
[[0;32m  OK  [0m] Started Dispatch Password Requests to Console Directory Watch.
[[0;32m  OK  [0m] Reached target Local Encrypted Volumes.
[[0;32m  OK  [0m] Started Apply Kernel Variables.
[[0;32m  OK  [0m] Started Set console font and keymap.
[[0;32m  OK  [0m] Started Tell Plymouth To Write Out Runtime Data.
[[0;32m  OK  [0m] Started Flush Journal to Persistent Storage.
         Starting Create Volatile Files and Directories...
[[0;32m  OK  [0m] Started Create Volatile Files and Directories.
         Starting Update UTMP about System Boot/Shutdown...
[[0;32m  OK  [0m] Started ebtables ruleset management.
[[0;32m  OK  [0m] Started Update UTMP about System Boot/Shutdown.
[[0;32m  OK  [0m] Started AppArmor initialization.
[[0;32m  OK  [0m] Found device /dev/ttyS0.
[[0;32m  OK  [0m] Listening on Load/Save RF Kill Switch Status /dev/rfkill Watch.
[   19.657670] cloud-init[419]: Cloud-init v. 18.4-0ubuntu1~18.04.1 running 'init-local' at Mon, 26 Nov 2018 10:48:39 +0000. Up 19.17 seconds.
[[0;32m  OK  [0m] Started Initial cloud-init job (pre-networking).
[[0;32m  OK  [0m] Reached target Network (Pre).
         Starting Network Service...
[[0;32m  OK  [0m] Started Network Service.
         Starting Wait for Network to be Configured...
         Starting Network Name Resolution...
[[0;32m  OK  [0m] Started Network Name Resolution.
[[0;32m  OK  [0m] Reached target Network.
[[0;32m  OK  [0m] Reached target Host and Network Name Lookups.
[[0;32m  OK  [0m] Started Wait for Network to be Configured.
         Starting Initial cloud-init job (metadata service crawler)...
[   24.131895] cloud-init[644]: Cloud-init v. 18.4-0ubuntu1~18.04.1 running 'init' at Mon, 26 Nov 2018 10:48:43 +0000. Up 23.25 seconds.
[   24.211026] cloud-init[644]: ci-info: ++++++++++++++++++++++++++++++++++++++Net device info+++++++++++++++++++++++++++++++++++++++
[   24.235386] cloud-init[644]: ci-info: +--------+------+-----------------------------+---------------+--------+-------------------+
[[0;32m  OK  [0m] Started Initial cloud-init job (metadata service crawler).
[   24.312965] cloud-init[644]: [[0;32m  OK  [0m] Reached target Cloud-config availability.
[[0;32m  OK  [0m] Reached target System Initialization.
ci-info: | Device |  Up  |           Address           |      Mask     | Scope  |     Hw-Address    |
         Starting Socket activation for snappy daemon.
[   24.390205] [[0;32m  OK  [0m] Started Daily Cleanup of Temporary Directories.
cloud-init[644]: ci-info: +--------+------+-----------------------------+---------------+--------+-------------------+
[[0;32m  OK  [0m] Started ACPI Events Check.
[   24.425577] cloud-init[644]: ci-info: | enp0s3 | True |          10.0.2.15          | 255.255.255.0 | global | 02:37:44:80:7e:2c |
[[0;32m  OK  [0m] Listening on Open-iSCSI iscsid Socket.
[   24.437598] cloud-init[644]: ci-info: | enp0s3 | True |  fe80::37:44ff:fe80:7e2c/64 |       .       |  link  | 02:37:44:80:7e:2c |
[[0;32m  OK  [0m] Started Daily apt download activities.
[   24.486537] cloud-init[644]: ci-info: | enp0s8 | True |        192.168.33.10        | 255.255.255.0 | global | 08:00:27:6a:ed:f6 |
         Starting LXD - unix socket.
[   24.561282] [[0;32m  OK  [0m] Listening on UUID daemon activation socket.
[[0;32m  OK  [0m] Started Message of the Day.
[[0;32m  OK  [0m] Listening on D-Bus System Message Bus Socket.
cloud-init[644]: ci-info: | enp0s8 | True | fe80::a00:27ff:fe6a:edf6/64 |       .       |  link  | 08:00:27:6a:ed:f6 |
[[0;32m  OK  [0m] Started Discard unused blocks once a week.
[   24.605376] [[0;32m  OK  [0m] Listening on ACPID Listen Socket.
[[0;32m  OK  [0m] Started Daily apt upgrade and clean activities.
[[0;32m  OK  [0m] Reached target Timers.
cloud-init[644]: ci-info: |   lo   | True |          127.0.0.1          |   255.0.0.0   |  host  |         .         |
[[0;32m  OK  [0m] Reached target Paths.
[   24.629164] [cloud-init[0;32m  OK  [0m[644]: ] ci-info: |   lo   | True |           ::1/128           |       .       |  host  |         .         |Reached target Network is Online.

[[0;32m  OK  [0m] Reached target Remote File Systems (Pre).
[   24.674585] [cloud-init[0;32m  OK  [0m[644]: ] ci-info: +--------+------+-----------------------------+---------------+--------+-------------------+Reached target Remote File Systems.

         Starting Availability of block devices...
[   24.738212] [[0;32m  OK  [0m] Listening on Socket activation for snappy daemon.
[[0;32m  OK  [0m] Listening on LXD - unix socket.
cloud-init[644]: ci-info: +++++++++++++++++++++++++++++Route IPv4 info+++++++++++++++++++++++++++++
[[0;32m  OK  [0m] Started Availability of block devices.
[   24.767007] cloud-init[644]: ci-info: +-------+--------------+----------+-----------------+-----------+-------+
[[0;32m  OK  [0m] Reached target Sockets.
[[0;32m  OK  [0m] Reached target Basic System.
[   24.778453] [[0;32m  OK  [0m] Started irqbalance daemon.
[[0;32m  OK  [0m] Started Unattended Upgrades Shutdown.
cloud-init[[0;32m  OK  [0m] Started Deferred execution scheduler.
[644]: ci-info: | Route | Destination  | Gateway  |     Genmask     | Interface | Flags |         Starting vboxadd.service...

         Starting LSB: automatic crash report generation...
[   24.873121] cloud-init[644]: ci-info: +-------+--------------+----------+-----------------+-----------+-------+         Starting LXD - container startup/shutdown...

         Starting Accounts Service...
[   24.953140] cloud-init[644]: ci-info: |   0   |   0.0.0.0    | 10.0.2.2 |     0.0.0.0     |   enp0s3  |   UG  |
         Starting Login Service...
[   24.998204] cloud-init[644]: ci-info: |   1   |   10.0.2.0   | 0.0.0.0  |  255.255.255.0  |   enp0s3  |   U   |
[[0;32m  OK  [0m] Started D-Bus System Message Bus.
[   25.009129] cloud-init[644]: ci-info: |   2   |   10.0.2.2   | 0.0.0.0  | 255.255.255.255 |   enp0s3  |   UH  |
[   25.033336] cloud-init[644]: ci-info: |   3   | 192.168.33.0 | 0.0.0.0  |  255.255.255.0  |   enp0s8  |   U   |
[   25.039788] cloud-init[644]: ci-info: +-------+--------------+----------+-----------------+-----------+-------+
[   25.058323] cloud-init[644]: ci-info: +++++++++++++++++++Route IPv6 info+++++++++++++++++++
[   25.080456] cloud-init[644]: ci-info: +-------+-------------+---------+-----------+-------+
[   25.126521] cloud-init[644]: ci-info: | Route | Destination | Gateway | Interface | Flags |
[   25.141877] cloud-init[644]: ci-info: +-------+-------------+---------+-----------+-------+
[   25.149591] cloud-init[644]: ci-info: |   1   |  fe80::/64  |    ::   |   enp0s8  |   U   |
[   25.188788] cloud-init[644]: ci-info: |   2   |  fe80::/64  |    ::   |   enp0s3  |   U   |
[   25.206790] cloud-init[644]: ci-info: |   4   |    local    |    ::   |   enp0s3  |   U   |
         Starting Dispatcher daemon for systemd-networkd...
[   25.222584] cloud-init[644]: ci-info: |   5   |    local    |    ::   |   enp0s8  |   U   |
         Starting System Logging Service...
[   25.228944] cloud-init[644]: ci-info: |   6   |   ff00::/8  |    ::   |   enp0s8  |   U   |
[[0;32m  OK  [0m] Started FUSE filesystem for LXC.
[   25.261115] cloud-init[644]: ci-info: |   7   |   ff00::/8  |    ::   |   enp0s3  |   U   |
         Starting LSB: Record successful boot for GRUB...
[   25.268754] cloud-init[644]: ci-info: +-------+-------------+---------+-----------+-------+
         Starting Permit User Sessions...
[[0;32m  OK  [0m] Started Regular background program processing daemon.
         Starting OpenBSD Secure Shell server...
         Starting Snappy daemon...
[[0;32m  OK  [0m] Started System Logging Service.
[[0;32m  OK  [0m] Started LXD - container startup/shutdown.
[[0;32m  OK  [0m] Started Permit User Sessions.
[[0;32m  OK  [0m] Started Login Service.
         Starting Terminate Plymouth Boot Screen...
         Starting Hold until boot process finishes up...
[[0;32m  OK  [0m] Started Terminate Plymouth Boot Screen.
[[0;32m  OK  [0m] Started Hold until boot process finishes up.
         Starting Set console scheme...
[[0;32m  OK  [0m] Started Serial Getty on ttyS0.
         Starting Authorization Manager...
[[0;32m  OK  [0m] Started Set console scheme.
[[0;32m  OK  [0m] Created slice system-getty.slice.
[[0;32m  OK  [0m] Started Getty on tty1.
[[0;32m  OK  [0m] Reached target Login Prompts.
[[0;32m  OK  [0m] Started LSB: automatic crash report generation.
[[0;32m  OK  [0m] Started LSB: Record successful boot for GRUB.
[[0;32m  OK  [0m] Started OpenBSD Secure Shell server.
[[0;32m  OK  [0m] Started Authorization Manager.
[[0;32m  OK  [0m] Started Accounts Service.
[[0;32m  OK  [0m] Started Snappy daemon.
[[0;32m  OK  [0m] Started Dispatcher daemon for systemd-networkd.
         Starting Wait until snapd is fully seeded...
[[0;32m  OK  [0m] Started Wait until snapd is fully seeded.
         Starting Apply the settings specified in cloud-config...
[[0;32m  OK  [0m] Started vboxadd.service.
         Starting vboxadd-service.service...
[[0;32m  OK  [0m] Started vboxadd-service.service.
[[0;32m  OK  [0m] Reached target Multi-User System.
[[0;32m  OK  [0m] Reached target Graphical Interface.
         Starting Update UTMP about System Runlevel Changes...
[[0;32m  OK  [0m] Started Update UTMP about System Runlevel Changes.
[[0;32m  OK  [0m] Created slice User Slice of vagrant.
         Starting User Manager for UID 1000...
[[0;32m  OK  [0m] Started Session 1 of user vagrant.
[[0;32m  OK  [0m] Started User Manager for UID 1000.
[   28.661599] cloud-init[866]: Cloud-init v. 18.4-0ubuntu1~18.04.1 running 'modules:config' at Mon, 26 Nov 2018 10:48:48 +0000. Up 28.27 seconds.
[[0;32m  OK  [0m] Started Apply the settings specified in cloud-config.
         Starting Execute cloud user/final scripts...
[   30.604956] cloud-init[994]: Cloud-init v. 18.4-0ubuntu1~18.04.1 running 'modules:final' at Mon, 26 Nov 2018 10:48:50 +0000. Up 30.26 seconds.
[   30.632799] cloud-init[994]: Cloud-init v. 18.4-0ubuntu1~18.04.1 finished at Mon, 26 Nov 2018 10:48:50 +0000. Datasource DataSourceNoCloud [seed=/dev/sdb][dsmode=net].  Up 30.58 seconds
[[0;32m  OK  [0m] Started Execute cloud user/final scripts.

Ubuntu 18.04.1 LTS ubuntu-bionic ttyS0

ubuntu-bionic login: 